<?xml version="1.0" encoding="UTF-8"?>
<!-- Generated by org.testng.reporters.JUnitReportReporter -->
<testsuite skipped="0" hostname="MSI" name="loginTestCases.BothCorrect" tests="1" failures="0" timestamp="2020-02-12T17:08:56 IST" time="9.237" errors="0">
  <testcase name="loginwithbothcorrect" time="9.237" classname="loginTestCases.BothCorrect"/>
</testsuite> <!-- loginTestCases.BothCorrect -->
