<?xml version="1.0" encoding="UTF-8"?>
<!-- Generated by org.testng.reporters.JUnitReportReporter -->
<testsuite skipped="0" hostname="MSI" name="loginTestCases.CorrectPassword" tests="1" failures="0" timestamp="2020-02-12T17:08:56 IST" time="7.960" errors="0">
  <testcase name="loginwithcorrectpassword" time="7.960" classname="loginTestCases.CorrectPassword"/>
</testsuite> <!-- loginTestCases.CorrectPassword -->
