<?xml version="1.0" encoding="UTF-8"?>
<!-- Generated by org.testng.reporters.JUnitReportReporter -->
<testsuite skipped="0" hostname="MSI" name="loginTestCases.Login" tests="4" failures="0" timestamp="2020-02-12T22:15:26 IST" time="48.308" errors="0">
  <testcase name="loginwithbothcorrect" time="16.414" classname="loginTestCases.Login"/>
  <testcase name="loginwithbothcorrect" time="10.462" classname="loginTestCases.Login"/>
  <testcase name="loginwithbothcorrect" time="10.498" classname="loginTestCases.Login"/>
  <testcase name="loginwithbothcorrect" time="10.934" classname="loginTestCases.Login"/>
</testsuite> <!-- loginTestCases.Login -->
